07-Jan-2026 20:48:43-0500 INFO     ----------------Starting calcs----------------
07-Jan-2026 20:48:43-0500 DEBUG    		Time taken to run the creating_rotation_list: 0.0010s
07-Jan-2026 20:48:43-0500 DEBUG    		Time taken to run the creating_layer_list: 0.0000s
07-Jan-2026 20:49:33-0500 INFO     ----------------Starting calcs----------------
07-Jan-2026 20:49:33-0500 INFO     The multiplicity is set to 2.
07-Jan-2026 20:49:33-0500 DEBUG    		Time taken to run the creating_rotation_list: 0.0010s
07-Jan-2026 20:49:33-0500 DEBUG    		Time taken to run the creating_layer_list: 0.0000s
07-Jan-2026 20:50:32-0500 INFO     ----------------Starting calcs----------------
07-Jan-2026 20:50:32-0500 INFO     The multiplicity is set to 2.
07-Jan-2026 20:50:32-0500 DEBUG    		Time taken to run the creating_rotation_list: 0.0020s
07-Jan-2026 20:50:32-0500 DEBUG    		Time taken to run the creating_layer_list: 0.0000s
07-Jan-2026 20:50:32-0500 INFO     The total possible scenarios are 8,192, but it comes down to this after duplicity check, 1440
07-Jan-2026 20:50:32-0500 DEBUG    		Time taken to run the creating_the_block: 0.0048s
07-Jan-2026 20:50:37-0500 INFO     if_flag=1,037,520      elif_flag=624,132        permlist_flag=105,048        else_flag=306,900        
07-Jan-2026 20:50:37-0500 DEBUG    		Time taken to run the creation_of_compatible_blocks: 4.6532s
07-Jan-2026 20:50:37-0500 INFO     The length of comp block: 306,900 and incomp block: 729,180.
07-Jan-2026 20:54:39-0500 INFO     ----------------Starting calcs----------------
07-Jan-2026 20:54:39-0500 INFO     The multiplicity is set to 2.
07-Jan-2026 20:54:39-0500 DEBUG    		Time taken to run the creating_rotation_list: 0.0010s
07-Jan-2026 20:54:39-0500 DEBUG    		Time taken to run the creating_layer_list: 0.0000s
07-Jan-2026 20:54:39-0500 INFO     The total possible scenarios are 8,192, but it comes down to this after duplicity check, 1440
07-Jan-2026 20:54:39-0500 DEBUG    		Time taken to run the creating_the_block: 0.0060s
07-Jan-2026 20:54:48-0500 INFO     if_flag=1,037,520      elif_flag=624,132        permlist_flag=105,048        else_flag=306,900        
07-Jan-2026 20:54:48-0500 DEBUG    		Time taken to run the creation_of_compatible_blocks: 8.2517s
07-Jan-2026 20:54:48-0500 INFO     The length of comp block: 306,900 and incomp block: 729,180.
